<?xml version="1.0" encoding="UTF-8" ?>
<testsuite tests="1" failures="0" name="io.cucumber.danilo.RunCucumberTest" time="0.462" errors="0" skipped="1">
  <properties>
[...]
</properties>
  <testcase classname="Validar CPF" name="CPF Valido" time="0.462">
    <skipped/>
    <system-out>
Cenario: CPF Valido                                         &amp;#27;[90m# io/cucumber/danilo/validadorCpf.feature:4&amp;#27;[0m
  &amp;#27;[33mDado &amp;#27;[0m&amp;#27;[33mque eu esteja na pagina de validação de cpf&amp;#27;[0m          &amp;#27;[90m# null&amp;#27;[0m
  &amp;#27;[36mE &amp;#27;[0m&amp;#27;[36mdigito um cpf valido &amp;#27;[0m&amp;#27;[36m&amp;#27;[1m&quot;436.504.458-32&quot;&amp;#27;[0m                   &amp;#27;[90m# io.cucumber.danilo.ValidarCpfStep.digito_um_cpf_valido(java.lang.String)&amp;#27;[0m
  &amp;#27;[33mQuando &amp;#27;[0m&amp;#27;[33meu clico no botão enviar&amp;#27;[0m                           &amp;#27;[90m# null&amp;#27;[0m
  &amp;#27;[33mEntao &amp;#27;[0m&amp;#27;[33mdeve ver uma mensagem de &quot;CPF validado com sucesso&quot;&amp;#27;[0m &amp;#27;[90m# null&amp;#27;[0m
</system-out>
    <system-err>mar 25, 2021 5:14:29 PM io.cucumber.junit.Cucumber &lt;init&gt;
ADVERTÊNCIA: By default Cucumber is running in --non-strict mode.
This default will change to --strict and --non-strict will be removed.
You can use --strict or @CucumberOptions(strict = true) to suppress this warning
</system-err>
  </testcase>
</testsuite>